\BOOKMARK [0][-]{chapter.1}{\376\377\0001\000.\000\040\000B\000e\000v\000e\000z\000e\000t\000\351\000s}{}% 1
\BOOKMARK [1][-]{section.1.1}{\376\377\0001\000.\0001\000.\000\040\000A\000\040\000p\000r\000o\000j\000e\000k\000t\000\040\000b\000e\000m\000u\000t\000a\000t\000\341\000s\000a\000\040\000\351\000s\000\040\000c\000\351\000l\000j\000a}{chapter.1}% 2
\BOOKMARK [1][-]{section.1.2}{\376\377\0001\000.\0002\000.\000\040\000C\000\351\000l\000k\000\366\000z\000\366\000n\000s\000\351\000g\000\040\000m\000e\000g\000h\000a\000t\000\341\000r\000o\000z\000\341\000s\000a}{chapter.1}% 3
\BOOKMARK [1][-]{section.1.3}{\376\377\0001\000.\0003\000.\000\040\000A\000l\000k\000a\000l\000m\000a\000z\000o\000t\000t\000\040\000t\000e\000c\000h\000n\000o\000l\000\363\000g\000i\000\341\000k\000\040\000\351\000s\000\040\000e\000s\000z\000k\000\366\000z\000\366\000k}{chapter.1}% 4
\BOOKMARK [0][-]{chapter.2}{\376\377\0002\000.\000\040\000K\000\366\000v\000e\000t\000e\000l\000m\000\351\000n\000y\000a\000n\000a\000l\000\355\000z\000i\000s}{}% 5
\BOOKMARK [1][-]{section.2.1}{\376\377\0002\000.\0001\000.\000\040\000F\000u\000n\000k\000c\000i\000o\000n\000\341\000l\000i\000s\000\040\000k\000\366\000v\000e\000t\000e\000l\000m\000\351\000n\000y\000e\000k}{chapter.2}% 6
\BOOKMARK [1][-]{section.2.2}{\376\377\0002\000.\0002\000.\000\040\000N\000e\000m\000\040\000f\000u\000n\000k\000c\000i\000o\000n\000\341\000l\000i\000s\000\040\000k\000\366\000v\000e\000t\000e\000l\000m\000\351\000n\000y\000e\000k}{chapter.2}% 7
\BOOKMARK [1][-]{section.2.3}{\376\377\0002\000.\0003\000.\000\040\000H\000a\000s\000z\000n\000\341\000l\000a\000t\000i\000\040\000e\000s\000e\000t\000e\000k\000\040\000\050\000U\000s\000e\000\040\000C\000a\000s\000e\000s\000\051}{chapter.2}% 8
\BOOKMARK [0][-]{chapter.3}{\376\377\0003\000.\000\040\000R\000e\000n\000d\000s\000z\000e\000r\000t\000e\000r\000v\000e\000z\000\351\000s}{}% 9
\BOOKMARK [1][-]{section.3.1}{\376\377\0003\000.\0001\000.\000\040\000A\000d\000a\000t\000b\000\341\000z\000i\000s\000\040\000t\000e\000r\000v}{chapter.3}% 10
\BOOKMARK [2][-]{subsection.3.1.1}{\376\377\0003\000.\0001\000.\0001\000.\000\040\000E\000R\000-\000d\000i\000a\000g\000r\000a\000m\000\040\000\351\000s\000\040\000k\000a\000p\000c\000s\000o\000l\000a\000t\000o\000k}{section.3.1}% 11
\BOOKMARK [2][-]{subsection.3.1.2}{\376\377\0003\000.\0001\000.\0002\000.\000\040\000A\000d\000a\000t\000s\000z\000\363\000t\000\341\000r\000\040\000\351\000s\000\040\000t\000\341\000b\000l\000a\000l\000e\000\355\000r\000\341\000s\000o\000k}{section.3.1}% 12
\BOOKMARK [1][-]{section.3.2}{\376\377\0003\000.\0002\000.\000\040\000R\000e\000n\000d\000s\000z\000e\000r\000a\000r\000c\000h\000i\000t\000e\000k\000t\000\372\000r\000a\000\040\000\351\000s\000\040\000k\000o\000m\000p\000o\000n\000e\000n\000s\000e\000k}{chapter.3}% 13
\BOOKMARK [2][-]{subsection.3.2.1}{\376\377\0003\000.\0002\000.\0001\000.\000\040\000O\000R\000M\000\040\000\050\000O\000b\000j\000e\000c\000t\000-\000R\000e\000l\000a\000t\000i\000o\000n\000a\000l\000\040\000M\000a\000p\000p\000i\000n\000g\000\051}{section.3.2}% 14
\BOOKMARK [2][-]{subsection.3.2.2}{\376\377\0003\000.\0002\000.\0002\000.\000\040\000E\000n\000t\000i\000t\000y\000\040\000F\000r\000a\000m\000e\000w\000o\000r\000k}{section.3.2}% 15
\BOOKMARK [1][-]{section.3.3}{\376\377\0003\000.\0003\000.\000\040\000R\000E\000S\000T\000\040\000A\000P\000I\000\040\000v\000\351\000g\000p\000o\000n\000t\000o\000k\000\040\000t\000e\000r\000v\000e\000z\000\351\000s\000e}{chapter.3}% 16
\BOOKMARK [1][-]{section.3.4}{\376\377\0003\000.\0004\000.\000\040\000U\000I\000/\000U\000X\000\040\000T\000e\000r\000v\000e\000k\000\040\000\050\000W\000i\000r\000e\000f\000r\000a\000m\000e\000s\000\051}{chapter.3}% 17
\BOOKMARK [0][-]{chapter.4}{\376\377\0004\000.\000\040\000M\000e\000g\000v\000a\000l\000\363\000s\000\355\000t\000\341\000s}{}% 18
\BOOKMARK [1][-]{section.4.1}{\376\377\0004\000.\0001\000.\000\040\000A\000d\000a\000t\000b\000\341\000z\000i\000s\000\040\000r\000\351\000t\000e\000g\000\040\000i\000m\000p\000l\000e\000m\000e\000n\000t\000\341\000c\000i\000\363\000j\000a}{chapter.4}% 19
\BOOKMARK [1][-]{section.4.2}{\376\377\0004\000.\0002\000.\000\040\000R\000E\000S\000T\000\040\000B\000a\000c\000k\000e\000n\000d\000\040\000f\000e\000j\000l\000e\000s\000z\000t\000\351\000s\000e}{chapter.4}% 20
\BOOKMARK [2][-]{subsection.4.2.1}{\376\377\0004\000.\0002\000.\0001\000.\000\040\000A\000d\000a\000t\000k\000e\000z\000e\000l\000\351\000s\000\040\000\351\000s\000\040\000\334\000z\000l\000e\000t\000i\000\040\000l\000o\000g\000i\000k\000a}{section.4.2}% 21
\BOOKMARK [2][-]{subsection.4.2.2}{\376\377\0004\000.\0002\000.\0002\000.\000\040\000B\000i\000z\000t\000o\000n\000s\000\341\000g\000\040\000\351\000s\000\040\000A\000u\000t\000e\000n\000t\000i\000k\000\341\000c\000i\000\363\000\040\000\050\000J\000W\000T\000\051}{section.4.2}% 22
\BOOKMARK [1][-]{section.4.3}{\376\377\0004\000.\0003\000.\000\040\000R\000e\000a\000c\000t\000\040\000F\000r\000o\000n\000t\000e\000n\000d\000\040\000f\000e\000j\000l\000e\000s\000z\000t\000\351\000s\000e}{chapter.4}% 23
\BOOKMARK [2][-]{subsection.4.3.1}{\376\377\0004\000.\0003\000.\0001\000.\000\040\000K\000o\000m\000p\000o\000n\000e\000n\000s\000-\000a\000r\000c\000h\000i\000t\000e\000k\000t\000\372\000r\000a}{section.4.3}% 24
\BOOKMARK [2][-]{subsection.4.3.2}{\376\377\0004\000.\0003\000.\0002\000.\000\040\000R\000e\000s\000z\000p\000o\000n\000z\000\355\000v\000\040\000m\000e\000g\000o\000l\000d\000\341\000s\000o\000k\000\040\000\351\000s\000\040\000M\000o\000b\000i\000l\000\040\000n\000\351\000z\000e\000t}{section.4.3}% 25
\BOOKMARK [1][-]{section.4.4}{\376\377\0004\000.\0004\000.\000\040\000W\000P\000F\000\040\000D\000e\000s\000k\000t\000o\000p\000\040\000a\000l\000k\000a\000l\000m\000a\000z\000\341\000s}{chapter.4}% 26
\BOOKMARK [2][-]{subsection.4.4.1}{\376\377\0004\000.\0004\000.\0001\000.\000\040\000M\000V\000V\000M\000\040\000a\000r\000c\000h\000i\000t\000e\000k\000t\000\372\000r\000a\000\040\000\351\000s\000\040\000A\000d\000a\000t\000k\000\366\000t\000\351\000s}{section.4.4}% 27
\BOOKMARK [2][-]{subsection.4.4.2}{\376\377\0004\000.\0004\000.\0002\000.\000\040\000T\000\366\000r\000z\000s\000a\000d\000a\000t\000-\000k\000a\000r\000b\000a\000n\000t\000a\000r\000t\000\363\000\040\000m\000o\000d\000u\000l\000o\000k}{section.4.4}% 28
\BOOKMARK [0][-]{chapter.5}{\376\377\0005\000.\000\040\000M\000i\000n\001\121\000s\000\351\000g\000b\000i\000z\000t\000o\000s\000\355\000t\000\341\000s\000\040\000\351\000s\000\040\000T\000e\000s\000z\000t\000e\000l\000\351\000s}{}% 29
\BOOKMARK [1][-]{section.5.1}{\376\377\0005\000.\0001\000.\000\040\000U\000n\000i\000t\000\040\000t\000e\000s\000z\000t\000e\000k\000\040\000\050\000E\000g\000y\000s\000\351\000g\000t\000e\000s\000z\000t\000e\000l\000\351\000s\000\051}{chapter.5}% 30
\BOOKMARK [1][-]{section.5.2}{\376\377\0005\000.\0002\000.\000\040\000A\000P\000I\000\040\000t\000e\000s\000z\000t\000e\000l\000\351\000s\000\040\000\050\000P\000o\000s\000t\000m\000a\000n\000/\000S\000w\000a\000g\000g\000e\000r\000\051}{chapter.5}% 31
\BOOKMARK [1][-]{section.5.3}{\376\377\0005\000.\0003\000.\000\040\000F\000e\000l\000h\000a\000s\000z\000n\000\341\000l\000\363\000i\000\040\000f\000e\000l\000\374\000l\000e\000t\000\040\000\351\000s\000\040\000R\000e\000s\000z\000p\000o\000n\000z\000i\000v\000i\000t\000\341\000s\000\040\000t\000e\000s\000z\000t\000e\000l\000\351\000s\000e}{chapter.5}% 32
\BOOKMARK [1][-]{section.5.4}{\376\377\0005\000.\0004\000.\000\040\000H\000i\000b\000a\000j\000e\000g\000y\000z\000\351\000k\000\040\000\351\000s\000\040\000j\000a\000v\000\355\000t\000\341\000s\000o\000k}{chapter.5}% 33
\BOOKMARK [0][-]{chapter.6}{\376\377\0006\000.\000\040\000F\000e\000l\000h\000a\000s\000z\000n\000\341\000l\000\363\000i\000\040\000\372\000t\000m\000u\000t\000a\000t\000\363}{}% 34
\BOOKMARK [1][-]{section.6.1}{\376\377\0006\000.\0001\000.\000\040\000R\000e\000n\000d\000s\000z\000e\000r\000k\000\366\000v\000e\000t\000e\000l\000m\000\351\000n\000y\000e\000k\000\040\000\351\000s\000\040\000T\000e\000l\000e\000p\000\355\000t\000\351\000s}{chapter.6}% 35
\BOOKMARK [1][-]{section.6.2}{\376\377\0006\000.\0002\000.\000\040\000A\000\040\000s\000z\000o\000f\000t\000v\000e\000r\000\040\000h\000a\000s\000z\000n\000\341\000l\000a\000t\000a\000\040\000\050\000W\000e\000b\000/\000W\000P\000F\000\051}{chapter.6}% 36
\BOOKMARK [0][-]{chapter.7}{\376\377\0007\000.\000\040\000\326\000s\000s\000z\000e\000g\000z\000\351\000s}{}% 37
\BOOKMARK [1][-]{section.7.1}{\376\377\0007\000.\0001\000.\000\040\000P\000r\000o\000j\000e\000k\000t\000\040\000\351\000r\000t\000\351\000k\000e\000l\000\351\000s\000e}{chapter.7}% 38
\BOOKMARK [1][-]{section.7.2}{\376\377\0007\000.\0002\000.\000\040\000T\000o\000v\000\341\000b\000b\000f\000e\000j\000l\000e\000s\000z\000t\000\351\000s\000i\000\040\000l\000e\000h\000e\000t\001\121\000s\000\351\000g\000e\000k}{chapter.7}% 39
\BOOKMARK [0][-]{chapter*.2}{\376\377\000M\000e\000l\000l\000\351\000k\000l\000e\000t\000e\000k}{}% 40
\BOOKMARK [0][-]{chapter*.3}{\376\377\000I\000r\000o\000d\000a\000l\000o\000m\000j\000e\000g\000y\000z\000\351\000k}{}% 41
